<?xml version="1.0" encoding="UTF-8"?>
<testsuite xmlns:xsi="http://www.w3.org/2001/XMLSchema-instance" xsi:noNamespaceSchemaLocation="https://maven.apache.org/surefire/maven-surefire-plugin/xsd/surefire-test-report.xsd" name="hn.uth.TareaPrimerParcialVilma.AppTest" time="0.005" tests="11" errors="0" skipped="0" failures="0">
  <properties>
[...]
</properties>
  <testcase name="hn.uth.TareaPrimerParcialVilma.AppTest.testCalcular_CuadraDos" classname="hn.uth.TareaPrimerParcialVilma.AppTest" time="0"/>
  <testcase name="hn.uth.TareaPrimerParcialVilma.AppTest.testCalcular_CirculoTres" classname="hn.uth.TareaPrimerParcialVilma.AppTest" time="0"/>
  <testcase name="hn.uth.TareaPrimerParcialVilma.AppTest.testCalcular_RectanUno" classname="hn.uth.TareaPrimerParcialVilma.AppTest" time="0"/>
  <testcase name="hn.uth.TareaPrimerParcialVilma.AppTest.testCalcular_RectanDos" classname="hn.uth.TareaPrimerParcialVilma.AppTest" time="0"/>
  <testcase name="hn.uth.TareaPrimerParcialVilma.AppTest.testCalcular_TrianUno" classname="hn.uth.TareaPrimerParcialVilma.AppTest" time="0"/>
  <testcase name="hn.uth.TareaPrimerParcialVilma.AppTest.testCalcular_TrianDos" classname="hn.uth.TareaPrimerParcialVilma.AppTest" time="0"/>
  <testcase name="hn.uth.TareaPrimerParcialVilma.AppTest.testCalcular_CuadraTres" classname="hn.uth.TareaPrimerParcialVilma.AppTest" time="0"/>
  <testcase name="hn.uth.TareaPrimerParcialVilma.AppTest.testCalcular_CirculoDos" classname="hn.uth.TareaPrimerParcialVilma.AppTest" time="0"/>
  <testcase name="hn.uth.TareaPrimerParcialVilma.AppTest.testCalcular_TrianTres" classname="hn.uth.TareaPrimerParcialVilma.AppTest" time="0"/>
  <testcase name="hn.uth.TareaPrimerParcialVilma.AppTest.testCalcular_Area_CirculoUno" classname="hn.uth.TareaPrimerParcialVilma.AppTest" time="0"/>
  <testcase name="hn.uth.TareaPrimerParcialVilma.AppTest.testCalcular_CuadraUno" classname="hn.uth.TareaPrimerParcialVilma.AppTest" time="0"/>
</testsuite>